<?xml version="1.0" encoding="UTF-8" ?>
<testsuite failures="0" time="0.004" errors="0" skipped="0" tests="2" name="com.bradmcevoy.http.TestSaxHandler">
  <properties>
    <property name="java.runtime.name" value="Java(TM) SE Runtime Environment"/>
    <property name="sun.boot.library.path" value="/home/cdpops/jdk1.7.0_02/jre/lib/i386"/>
    <property name="java.vm.version" value="22.0-b10"/>
    <property name="java.vm.vendor" value="Oracle Corporation"/>
    <property name="java.vendor.url" value="http://java.oracle.com/"/>
    <property name="path.separator" value=":"/>
    <property name="java.vm.name" value="Java HotSpot(TM) Server VM"/>
    <property name="file.encoding.pkg" value="sun.io"/>
    <property name="user.country" value="US"/>
    <property name="sun.java.launcher" value="SUN_STANDARD"/>
    <property name="sun.os.patch.level" value="unknown"/>
    <property name="java.vm.specification.name" value="Java Virtual Machine Specification"/>
    <property name="user.dir" value="/home/cdpops/workspace/milton/milton-api"/>
    <property name="java.runtime.version" value="1.7.0_02-b13"/>
    <property name="java.awt.graphicsenv" value="sun.awt.X11GraphicsEnvironment"/>
    <property name="basedir" value="/home/cdpops/workspace/milton/milton-api"/>
    <property name="java.endorsed.dirs" value="/home/cdpops/jdk1.7.0_02/jre/lib/endorsed"/>
    <property name="os.arch" value="i386"/>
    <property name="surefire.real.class.path" value="/home/cdpops/workspace/milton/milton-api/target/surefire/surefirebooter3963228606945139993.jar"/>
    <property name="java.io.tmpdir" value="/tmp"/>
    <property name="line.separator" value="
"/>
    <property name="java.vm.specification.vendor" value="Oracle Corporation"/>
    <property name="os.name" value="Linux"/>
    <property name="sun.jnu.encoding" value="UTF-8"/>
    <property name="java.library.path" value="/home/sflops/sciflo/lib:/home/sflops/sciflo/lib/mysql:/usr/java/packages/lib/i386:/lib:/usr/lib"/>
    <property name="surefire.test.class.path" value="/home/cdpops/workspace/milton/milton-api/target/test-classes:/home/cdpops/workspace/milton/milton-api/target/classes:/home/cdpops/.m2/repository/org/jdom/jdom/1.1/jdom-1.1.jar:/home/cdpops/.m2/repository/commons-codec/commons-codec/1.4/commons-codec-1.4.jar:/home/cdpops/.m2/repository/commons-io/commons-io/1.4/commons-io-1.4.jar:/home/cdpops/.m2/repository/eu/medsea/mimeutil/mime-util/2.1.3/mime-util-2.1.3.jar:/home/cdpops/.m2/repository/org/slf4j/slf4j-log4j12/1.5.6/slf4j-log4j12-1.5.6.jar:/home/cdpops/.m2/repository/log4j/log4j/1.2.14/log4j-1.2.14.jar:/home/cdpops/.m2/repository/easymock/easymock/2.4/easymock-2.4.jar:/home/cdpops/.m2/repository/easymock/easymockclassextension/2.4/easymockclassextension-2.4.jar:/home/cdpops/.m2/repository/org/easymock/easymock/2.4/easymock-2.4.jar:/home/cdpops/.m2/repository/cglib/cglib-nodep/2.1_3/cglib-nodep-2.1_3.jar:/home/cdpops/.m2/repository/cglib/cglib/2.1_3/cglib-2.1_3.jar:/home/cdpops/.m2/repository/asm/asm/1.5.3/asm-1.5.3.jar:/home/cdpops/.m2/repository/commons-beanutils/commons-beanutils/1.8.2/commons-beanutils-1.8.2.jar:/home/cdpops/.m2/repository/commons-logging/commons-logging/1.1.1/commons-logging-1.1.1.jar:/home/cdpops/.m2/repository/org/slf4j/slf4j-api/1.5.8/slf4j-api-1.5.8.jar:/home/cdpops/.m2/repository/junit/junit/3.8.1/junit-3.8.1.jar:"/>
    <property name="java.specification.name" value="Java Platform API Specification"/>
    <property name="java.class.version" value="51.0"/>
    <property name="sun.management.compiler" value="HotSpot Tiered Compilers"/>
    <property name="os.version" value="2.6.18-274.18.1.el5"/>
    <property name="user.home" value="/home/cdpops"/>
    <property name="user.timezone" value=""/>
    <property name="java.awt.printerjob" value="sun.print.PSPrinterJob"/>
    <property name="file.encoding" value="UTF-8"/>
    <property name="java.specification.version" value="1.7"/>
    <property name="user.name" value="cdpops"/>
    <property name="java.class.path" value="/home/cdpops/workspace/milton/milton-api/target/test-classes:/home/cdpops/workspace/milton/milton-api/target/classes:/home/cdpops/.m2/repository/org/jdom/jdom/1.1/jdom-1.1.jar:/home/cdpops/.m2/repository/commons-codec/commons-codec/1.4/commons-codec-1.4.jar:/home/cdpops/.m2/repository/commons-io/commons-io/1.4/commons-io-1.4.jar:/home/cdpops/.m2/repository/eu/medsea/mimeutil/mime-util/2.1.3/mime-util-2.1.3.jar:/home/cdpops/.m2/repository/org/slf4j/slf4j-log4j12/1.5.6/slf4j-log4j12-1.5.6.jar:/home/cdpops/.m2/repository/log4j/log4j/1.2.14/log4j-1.2.14.jar:/home/cdpops/.m2/repository/easymock/easymock/2.4/easymock-2.4.jar:/home/cdpops/.m2/repository/easymock/easymockclassextension/2.4/easymockclassextension-2.4.jar:/home/cdpops/.m2/repository/org/easymock/easymock/2.4/easymock-2.4.jar:/home/cdpops/.m2/repository/cglib/cglib-nodep/2.1_3/cglib-nodep-2.1_3.jar:/home/cdpops/.m2/repository/cglib/cglib/2.1_3/cglib-2.1_3.jar:/home/cdpops/.m2/repository/asm/asm/1.5.3/asm-1.5.3.jar:/home/cdpops/.m2/repository/commons-beanutils/commons-beanutils/1.8.2/commons-beanutils-1.8.2.jar:/home/cdpops/.m2/repository/commons-logging/commons-logging/1.1.1/commons-logging-1.1.1.jar:/home/cdpops/.m2/repository/org/slf4j/slf4j-api/1.5.8/slf4j-api-1.5.8.jar:/home/cdpops/.m2/repository/junit/junit/3.8.1/junit-3.8.1.jar:"/>
    <property name="java.vm.specification.version" value="1.7"/>
    <property name="sun.arch.data.model" value="32"/>
    <property name="java.home" value="/home/cdpops/jdk1.7.0_02/jre"/>
    <property name="sun.java.command" value="/home/cdpops/workspace/milton/milton-api/target/surefire/surefirebooter3963228606945139993.jar /home/cdpops/workspace/milton/milton-api/target/surefire/surefire1375518509873509224tmp /home/cdpops/workspace/milton/milton-api/target/surefire/surefire943567015912591622tmp"/>
    <property name="java.specification.vendor" value="Oracle Corporation"/>
    <property name="user.language" value="en"/>
    <property name="awt.toolkit" value="sun.awt.X11.XToolkit"/>
    <property name="java.vm.info" value="mixed mode"/>
    <property name="java.version" value="1.7.0_02"/>
    <property name="java.ext.dirs" value="/home/cdpops/jdk1.7.0_02/jre/lib/ext:/usr/java/packages/lib/ext"/>
    <property name="sun.boot.class.path" value="/home/cdpops/jdk1.7.0_02/jre/lib/resources.jar:/home/cdpops/jdk1.7.0_02/jre/lib/rt.jar:/home/cdpops/jdk1.7.0_02/jre/lib/sunrsasign.jar:/home/cdpops/jdk1.7.0_02/jre/lib/jsse.jar:/home/cdpops/jdk1.7.0_02/jre/lib/jce.jar:/home/cdpops/jdk1.7.0_02/jre/lib/charsets.jar:/home/cdpops/jdk1.7.0_02/jre/classes"/>
    <property name="java.vendor" value="Oracle Corporation"/>
    <property name="localRepository" value="/home/cdpops/.m2/repository"/>
    <property name="file.separator" value="/"/>
    <property name="java.vendor.url.bug" value="http://bugreport.sun.com/bugreport/"/>
    <property name="sun.cpu.endian" value="little"/>
    <property name="sun.io.unicode.encoding" value="UnicodeLittle"/>
    <property name="sun.cpu.isalist" value=""/>
  </properties>
  <testcase time="0.002" classname="com.bradmcevoy.http.TestSaxHandler" name="testLockInfo"/>
  <testcase time="0.001" classname="com.bradmcevoy.http.TestSaxHandler" name="testPropFind"/>
</testsuite>